0 info it worked if it ends with ok
1 verbose cli [ '/usr/local/bin/node',
1 verbose cli   '/usr/local/bin/npm',
1 verbose cli   'install',
1 verbose cli   '--save',
1 verbose cli   'moment' ]
2 info using npm@2.14.4
3 info using node@v4.1.2
4 verbose install initial load of /Users/prashanta/dev/node/prashanta.xyz/package.json
5 warn package.json prashanta.xyz@1.0.0 No repository field.
6 warn package.json prashanta.xyz@1.0.0 No README data
7 verbose installManyTop reading scoped package data from /Users/prashanta/dev/node/prashanta.xyz/node_modules/grunt/package.json
8 verbose installManyTop reading scoped package data from /Users/prashanta/dev/node/prashanta.xyz/node_modules/grunt-contrib-watch/package.json
9 verbose installManyTop reading scoped package data from /Users/prashanta/dev/node/prashanta.xyz/node_modules/grunt-metalsmith/package.json
10 verbose installManyTop reading scoped package data from /Users/prashanta/dev/node/prashanta.xyz/node_modules/handlebars/package.json
11 verbose installManyTop reading scoped package data from /Users/prashanta/dev/node/prashanta.xyz/node_modules/highlight.js/package.json
12 verbose installManyTop reading scoped package data from /Users/prashanta/dev/node/prashanta.xyz/node_modules/livereload/package.json
13 verbose installManyTop reading scoped package data from /Users/prashanta/dev/node/prashanta.xyz/node_modules/metalsmith/package.json
14 verbose installManyTop reading scoped package data from /Users/prashanta/dev/node/prashanta.xyz/node_modules/metalsmith-collections/package.json
15 verbose installManyTop reading scoped package data from /Users/prashanta/dev/node/prashanta.xyz/node_modules/metalsmith-layouts/package.json
16 verbose installManyTop reading scoped package data from /Users/prashanta/dev/node/prashanta.xyz/node_modules/metalsmith-markdown/package.json
17 verbose installManyTop reading scoped package data from /Users/prashanta/dev/node/prashanta.xyz/node_modules/metalsmith-metallic/package.json
18 verbose installManyTop reading scoped package data from /Users/prashanta/dev/node/prashanta.xyz/node_modules/metalsmith-permalinks/package.json
19 verbose installManyTop reading scoped package data from /Users/prashanta/dev/node/prashanta.xyz/node_modules/metalsmith-templates/package.json
20 verbose installManyTop reading scoped package data from /Users/prashanta/dev/node/prashanta.xyz/node_modules/wr/package.json
21 info package.json grunt-metalsmith@1.0.0 No license field.
22 info package.json livereload@0.4.1 No license field.
23 info package.json wr@1.3.1 No license field.
24 verbose readDependencies loading dependencies from /Users/prashanta/dev/node/prashanta.xyz/package.json
25 silly cache add args [ 'moment', null ]
26 verbose cache add spec moment
27 silly cache add parsed spec Result {
27 silly cache add   raw: 'moment',
27 silly cache add   scope: null,
27 silly cache add   name: 'moment',
27 silly cache add   rawSpec: '',
27 silly cache add   spec: '*',
27 silly cache add   type: 'range' }
28 silly addNamed moment@*
29 verbose addNamed "*" is a valid semver range for moment
30 silly addNameRange { name: 'moment', range: '*', hasData: false }
31 silly mapToRegistry name moment
32 silly mapToRegistry using default registry
33 silly mapToRegistry registry https://registry.npmjs.org/
34 silly mapToRegistry uri https://registry.npmjs.org/moment
35 verbose addNameRange registry:https://registry.npmjs.org/moment not in flight; fetching
36 verbose request uri https://registry.npmjs.org/moment
37 verbose request no auth needed
38 info attempt registry request try #1 at 8:50:36 PM
39 verbose request id 1077922129a436f2
40 verbose etag "4QDTZZBRY73NRUQRFCGRQUO5V"
41 http request GET https://registry.npmjs.org/moment
42 http 200 https://registry.npmjs.org/moment
43 silly get cb [ 200,
43 silly get   { server: 'CouchDB/1.5.0 (Erlang OTP/R16B03)',
43 silly get     etag: '"EAUITPJABDWHWL3AYV7UM6T1O"',
43 silly get     'content-type': 'application/json',
43 silly get     'content-encoding': 'gzip',
43 silly get     'cache-control': 'max-age=300',
43 silly get     'content-length': '11714',
43 silly get     'accept-ranges': 'bytes',
43 silly get     date: 'Fri, 17 Jun 2016 13:50:36 GMT',
43 silly get     via: '1.1 varnish',
43 silly get     age: '164',
43 silly get     connection: 'keep-alive',
43 silly get     'x-served-by': 'cache-sin6920-SIN',
43 silly get     'x-cache': 'HIT',
43 silly get     'x-cache-hits': '4',
43 silly get     'x-timer': 'S1466171436.789361,VS0,VE0',
43 silly get     vary: 'Accept-Encoding' } ]
44 verbose get saving moment to /Users/prashanta/.npm/registry.npmjs.org/moment/.cache.json
45 silly addNameRange number 2 { name: 'moment', range: '*', hasData: true }
46 silly addNameRange versions [ 'moment',
46 silly addNameRange   [ '1.0.0',
46 silly addNameRange     '1.0.1',
46 silly addNameRange     '1.1.0',
46 silly addNameRange     '1.1.1',
46 silly addNameRange     '1.2.0',
46 silly addNameRange     '1.3.0',
46 silly addNameRange     '1.4.0',
46 silly addNameRange     '1.5.0',
46 silly addNameRange     '1.5.1',
46 silly addNameRange     '1.6.0',
46 silly addNameRange     '1.6.1',
46 silly addNameRange     '1.6.2',
46 silly addNameRange     '1.7.0',
46 silly addNameRange     '1.7.1',
46 silly addNameRange     '1.7.2',
46 silly addNameRange     '2.0.0',
46 silly addNameRange     '2.1.0',
46 silly addNameRange     '2.2.1',
46 silly addNameRange     '2.3.0',
46 silly addNameRange     '2.3.1',
46 silly addNameRange     '2.4.0',
46 silly addNameRange     '2.5.0',
46 silly addNameRange     '2.5.1',
46 silly addNameRange     '2.6.0',
46 silly addNameRange     '2.7.0',
46 silly addNameRange     '2.8.1',
46 silly addNameRange     '2.8.2',
46 silly addNameRange     '2.8.3',
46 silly addNameRange     '2.8.4',
46 silly addNameRange     '2.9.0',
46 silly addNameRange     '2.10.2',
46 silly addNameRange     '2.10.3',
46 silly addNameRange     '2.10.5',
46 silly addNameRange     '2.10.6',
46 silly addNameRange     '2.11.0',
46 silly addNameRange     '2.11.1',
46 silly addNameRange     '2.11.2',
46 silly addNameRange     '2.12.0',
46 silly addNameRange     '2.13.0' ] ]
47 silly addNamed moment@2.13.0
48 verbose addNamed "2.13.0" is a plain semver version for moment
49 silly cache afterAdd moment@2.13.0
50 verbose afterAdd /Users/prashanta/.npm/moment/2.13.0/package/package.json not in flight; writing
51 verbose afterAdd /Users/prashanta/.npm/moment/2.13.0/package/package.json written
52 silly install resolved [ { name: 'moment',
52 silly install resolved     version: '2.13.0',
52 silly install resolved     description: 'Parse, validate, manipulate, and display dates',
52 silly install resolved     homepage: 'http://momentjs.com',
52 silly install resolved     author:
52 silly install resolved      { name: 'Iskren Ivov Chernev',
52 silly install resolved        email: 'iskren.chernev@gmail.com',
52 silly install resolved        url: 'https://github.com/ichernev' },
52 silly install resolved     contributors: [ [Object], [Object], [Object], [Object], [Object] ],
52 silly install resolved     keywords:
52 silly install resolved      [ 'moment',
52 silly install resolved        'date',
52 silly install resolved        'time',
52 silly install resolved        'parse',
52 silly install resolved        'format',
52 silly install resolved        'validate',
52 silly install resolved        'i18n',
52 silly install resolved        'l10n',
52 silly install resolved        'ender' ],
52 silly install resolved     main: './moment.js',
52 silly install resolved     typings: './moment.d.ts',
52 silly install resolved     engines: { node: '*' },
52 silly install resolved     repository: { type: 'git', url: 'git+https://github.com/moment/moment.git' },
52 silly install resolved     bugs: { url: 'https://github.com/moment/moment/issues' },
52 silly install resolved     license: 'MIT',
52 silly install resolved     devDependencies:
52 silly install resolved      { 'uglify-js': 'latest',
52 silly install resolved        'es6-promise': 'latest',
52 silly install resolved        grunt: '~0.4',
52 silly install resolved        'grunt-cli': 'latest',
52 silly install resolved        benchmark: 'latest',
52 silly install resolved        esperanto: 'latest',
52 silly install resolved        'grunt-contrib-clean': 'latest',
52 silly install resolved        'grunt-contrib-concat': 'latest',
52 silly install resolved        'grunt-contrib-copy': 'latest',
52 silly install resolved        'grunt-contrib-jshint': 'latest',
52 silly install resolved        'grunt-contrib-uglify': 'latest',
52 silly install resolved        'grunt-contrib-watch': 'latest',
52 silly install resolved        'grunt-env': 'latest',
52 silly install resolved        'grunt-jscs': 'latest',
52 silly install resolved        'grunt-karma': 'latest',
52 silly install resolved        'grunt-nuget': 'latest',
52 silly install resolved        'grunt-benchmark': 'latest',
52 silly install resolved        'grunt-string-replace': 'latest',
52 silly install resolved        'grunt-exec': 'latest',
52 silly install resolved        'load-grunt-tasks': 'latest',
52 silly install resolved        karma: 'latest',
52 silly install resolved        'karma-chrome-launcher': 'latest',
52 silly install resolved        'karma-firefox-launcher': 'latest',
52 silly install resolved        'karma-qunit': 'latest',
52 silly install resolved        'karma-sauce-launcher': 'latest',
52 silly install resolved        qunit: '^0.7.5',
52 silly install resolved        'qunit-cli': '^0.1.4',
52 silly install resolved        spacejam: 'latest',
52 silly install resolved        coveralls: '^2.11.2',
52 silly install resolved        nyc: '^2.1.4' },
52 silly install resolved     ender: './ender.js',
52 silly install resolved     dojoBuild: 'package.js',
52 silly install resolved     jspm: { files: [Object], map: [Object], buildConfig: [Object] },
52 silly install resolved     scripts:
52 silly install resolved      { test: 'grunt test',
52 silly install resolved        coverage: 'nyc npm test && nyc report',
52 silly install resolved        coveralls: 'nyc npm test && nyc report --reporter=text-lcov | coveralls' },
52 silly install resolved     spm: { main: 'moment.js', output: [Object] },
52 silly install resolved     _id: 'moment@2.13.0',
52 silly install resolved     dist:
52 silly install resolved      { shasum: '24162d99521e6d40f99ae6939e806d2139eaac52',
52 silly install resolved        tarball: 'https://registry.npmjs.org/moment/-/moment-2.13.0.tgz' },
52 silly install resolved     _from: 'moment@*',
52 silly install resolved     _npmVersion: '1.4.6',
52 silly install resolved     _npmUser: { name: 'ichernev', email: 'iskren.chernev@gmail.com' },
52 silly install resolved     maintainers: [ [Object], [Object] ],
52 silly install resolved     _npmOperationalInternal:
52 silly install resolved      { host: 'packages-16-east.internal.npmjs.com',
52 silly install resolved        tmp: 'tmp/moment-2.13.0.tgz_1460965287679_0.1848272318020463' },
52 silly install resolved     directories: {},
52 silly install resolved     _shasum: '24162d99521e6d40f99ae6939e806d2139eaac52',
52 silly install resolved     _resolved: 'https://registry.npmjs.org/moment/-/moment-2.13.0.tgz',
52 silly install resolved     readme: 'ERROR: No README data found!' } ]
53 info install moment@2.13.0 into /Users/prashanta/dev/node/prashanta.xyz
54 info installOne moment@2.13.0
55 verbose installOne of moment to /Users/prashanta/dev/node/prashanta.xyz not in flight; installing
56 verbose lock using /Users/prashanta/.npm/_locks/moment-368f20b6ac0fdf0a.lock for /Users/prashanta/dev/node/prashanta.xyz/node_modules/moment
57 silly install write writing moment 2.13.0 to /Users/prashanta/dev/node/prashanta.xyz/node_modules/moment
58 verbose unbuild node_modules/moment
59 silly gentlyRm /Users/prashanta/dev/node/prashanta.xyz/node_modules/moment is being purged from base /Users/prashanta/dev/node/prashanta.xyz
60 verbose gentlyRm don't care about contents; nuking /Users/prashanta/dev/node/prashanta.xyz/node_modules/moment
61 verbose tar unpack /Users/prashanta/.npm/moment/2.13.0/package.tgz
62 verbose tar unpacking to /Users/prashanta/dev/node/prashanta.xyz/node_modules/moment
63 silly gentlyRm /Users/prashanta/dev/node/prashanta.xyz/node_modules/moment is being purged
64 verbose gentlyRm don't care about contents; nuking /Users/prashanta/dev/node/prashanta.xyz/node_modules/moment
65 silly gunzTarPerm modes [ '755', '644' ]
66 silly gunzTarPerm extractEntry package.json
67 silly gunzTarPerm extractEntry .npmignore
68 silly gunzTarPerm extractEntry README.md
69 silly gunzTarPerm extractEntry LICENSE
70 silly gunzTarPerm extractEntry ender.js
71 silly gunzTarPerm extractEntry moment.js
72 silly gunzTarPerm extractEntry package.js
73 silly gunzTarPerm extractEntry moment.d.ts
74 silly gunzTarPerm extractEntry src/moment.js
75 silly gunzTarPerm extractEntry src/lib/create/check-overflow.js
76 silly gunzTarPerm extractEntry src/lib/create/from-anything.js
77 silly gunzTarPerm extractEntry src/lib/create/from-array.js
78 silly gunzTarPerm extractEntry src/lib/create/from-object.js
79 silly gunzTarPerm extractEntry src/lib/create/from-string-and-array.js
80 silly gunzTarPerm extractEntry src/lib/create/date-from-array.js
81 silly gunzTarPerm extractEntry src/lib/create/from-string.js
82 silly gunzTarPerm extractEntry src/lib/create/local.js
83 silly gunzTarPerm extractEntry src/lib/create/parsing-flags.js
84 silly gunzTarPerm extractEntry src/lib/create/utc.js
85 silly gunzTarPerm extractEntry src/lib/create/valid.js
86 silly gunzTarPerm extractEntry src/lib/create/from-string-and-format.js
87 silly gunzTarPerm extractEntry src/lib/duration/abs.js
88 silly gunzTarPerm extractEntry src/lib/duration/as.js
89 silly gunzTarPerm extractEntry src/lib/duration/bubble.js
90 silly gunzTarPerm extractEntry src/lib/duration/constructor.js
91 silly gunzTarPerm extractEntry src/lib/duration/add-subtract.js
92 silly gunzTarPerm extractEntry src/lib/duration/duration.js
93 silly gunzTarPerm extractEntry src/lib/duration/get.js
94 silly gunzTarPerm extractEntry src/lib/duration/humanize.js
95 silly gunzTarPerm extractEntry src/lib/duration/iso-string.js
96 silly gunzTarPerm extractEntry src/lib/duration/prototype.js
97 silly gunzTarPerm extractEntry src/lib/duration/create.js
98 silly gunzTarPerm extractEntry src/lib/format/format.js
99 silly gunzTarPerm extractEntry src/lib/locale/calendar.js
100 silly gunzTarPerm extractEntry src/lib/locale/formats.js
101 silly gunzTarPerm extractEntry src/lib/locale/invalid.js
102 silly gunzTarPerm extractEntry src/lib/locale/lists.js
103 silly gunzTarPerm extractEntry src/lib/locale/en.js
104 silly gunzTarPerm extractEntry src/lib/locale/locales.js
105 silly gunzTarPerm extractEntry src/lib/locale/ordinal.js
106 silly gunzTarPerm extractEntry src/lib/locale/pre-post-format.js
107 silly gunzTarPerm extractEntry src/lib/locale/prototype.js
108 silly gunzTarPerm extractEntry src/lib/locale/relative.js
109 silly gunzTarPerm extractEntry src/lib/locale/constructor.js
110 silly gunzTarPerm extractEntry src/lib/locale/set.js
111 silly gunzTarPerm extractEntry src/lib/locale/locale.js
112 silly gunzTarPerm extractEntry src/lib/moment/add-subtract.js
113 silly gunzTarPerm extractEntry src/lib/moment/diff.js
114 silly gunzTarPerm extractEntry src/lib/moment/format.js
115 silly gunzTarPerm extractEntry src/lib/moment/from.js
116 silly gunzTarPerm extractEntry src/lib/moment/creation-data.js
117 silly gunzTarPerm extractEntry src/lib/moment/locale.js
118 silly gunzTarPerm extractEntry src/lib/moment/min-max.js
119 silly gunzTarPerm extractEntry src/lib/moment/moment.js
120 silly gunzTarPerm extractEntry src/lib/moment/now.js
121 silly gunzTarPerm extractEntry src/lib/moment/prototype.js
122 silly gunzTarPerm extractEntry src/lib/moment/constructor.js
123 silly gunzTarPerm extractEntry src/lib/moment/start-end-of.js
124 silly gunzTarPerm extractEntry src/lib/moment/compare.js
125 silly gunzTarPerm extractEntry src/lib/moment/to-type.js
126 silly gunzTarPerm extractEntry src/lib/moment/clone.js
127 silly gunzTarPerm extractEntry src/lib/moment/to.js
128 silly gunzTarPerm extractEntry src/lib/moment/calendar.js
129 silly gunzTarPerm extractEntry src/lib/moment/valid.js
130 silly gunzTarPerm extractEntry src/lib/moment/get-set.js
131 silly gunzTarPerm extractEntry src/lib/parse/regex.js
132 silly gunzTarPerm extractEntry src/lib/parse/token.js
133 silly gunzTarPerm extractEntry src/lib/units/aliases.js
134 silly gunzTarPerm extractEntry src/lib/units/millisecond.js
135 silly gunzTarPerm extractEntry src/lib/units/minute.js
136 silly gunzTarPerm extractEntry src/lib/units/month.js
137 silly gunzTarPerm extractEntry src/lib/units/hour.js
138 silly gunzTarPerm extractEntry src/lib/units/quarter.js
139 silly gunzTarPerm extractEntry src/lib/units/second.js
140 silly gunzTarPerm extractEntry src/lib/units/timestamp.js
141 silly gunzTarPerm extractEntry src/lib/units/timezone.js
142 silly gunzTarPerm extractEntry src/lib/units/units.js
143 silly gunzTarPerm extractEntry src/lib/units/day-of-year.js
144 silly gunzTarPerm extractEntry src/lib/units/week-calendar-utils.js
145 silly gunzTarPerm extractEntry src/lib/units/day-of-week.js
146 silly gunzTarPerm extractEntry src/lib/units/week-year.js
147 silly gunzTarPerm extractEntry src/lib/units/day-of-month.js
148 silly gunzTarPerm extractEntry src/lib/units/week.js
149 silly gunzTarPerm extractEntry src/lib/units/constants.js
150 silly gunzTarPerm extractEntry src/lib/units/year.js
151 silly gunzTarPerm extractEntry src/lib/units/offset.js
152 silly gunzTarPerm extractEntry src/lib/utils/abs-ceil.js
153 silly gunzTarPerm extractEntry src/lib/utils/extend.js
154 silly gunzTarPerm extractEntry src/lib/utils/has-own-prop.js
155 silly gunzTarPerm extractEntry src/lib/utils/hooks.js
156 silly gunzTarPerm extractEntry src/lib/utils/index-of.js
157 silly gunzTarPerm extractEntry src/lib/utils/deprecate.js
158 silly gunzTarPerm extractEntry src/lib/utils/is-date.js
159 silly gunzTarPerm extractEntry src/lib/utils/is-function.js
160 silly gunzTarPerm extractEntry src/lib/utils/is-object.js
161 silly gunzTarPerm extractEntry src/lib/utils/is-undefined.js
162 silly gunzTarPerm extractEntry src/lib/utils/keys.js
163 silly gunzTarPerm extractEntry src/lib/utils/defaults.js
164 silly gunzTarPerm extractEntry src/lib/utils/map.js
165 silly gunzTarPerm extractEntry src/lib/utils/compare-arrays.js
166 silly gunzTarPerm extractEntry src/lib/utils/some.js
167 silly gunzTarPerm extractEntry src/lib/utils/abs-round.js
168 silly gunzTarPerm extractEntry src/lib/utils/to-int.js
169 silly gunzTarPerm extractEntry src/lib/utils/abs-floor.js
170 silly gunzTarPerm extractEntry src/lib/utils/zero-fill.js
171 silly gunzTarPerm extractEntry src/lib/utils/is-array.js
172 silly gunzTarPerm extractEntry src/locale/af.js
173 silly gunzTarPerm extractEntry src/locale/it.js
174 silly gunzTarPerm extractEntry src/locale/ja.js
175 silly gunzTarPerm extractEntry src/locale/jv.js
176 silly gunzTarPerm extractEntry src/locale/ka.js
177 silly gunzTarPerm extractEntry src/locale/is.js
178 silly gunzTarPerm extractEntry src/locale/km.js
179 silly gunzTarPerm extractEntry src/locale/ko.js
180 silly gunzTarPerm extractEntry src/locale/ky.js
181 silly gunzTarPerm extractEntry src/locale/lb.js
182 silly gunzTarPerm extractEntry src/locale/lo.js
183 silly gunzTarPerm extractEntry src/locale/id.js
184 silly gunzTarPerm extractEntry src/locale/lt.js
185 silly gunzTarPerm extractEntry src/locale/hy-am.js
186 silly gunzTarPerm extractEntry src/locale/lv.js
187 silly gunzTarPerm extractEntry src/locale/hu.js
188 silly gunzTarPerm extractEntry src/locale/me.js
189 silly gunzTarPerm extractEntry src/locale/hr.js
190 silly gunzTarPerm extractEntry src/locale/mk.js
191 silly gunzTarPerm extractEntry src/locale/hi.js
192 silly gunzTarPerm extractEntry src/locale/ml.js
193 silly gunzTarPerm extractEntry src/locale/he.js
194 silly gunzTarPerm extractEntry src/locale/mr.js
195 silly gunzTarPerm extractEntry src/locale/gl.js
196 silly gunzTarPerm extractEntry src/locale/ms-my.js
197 silly gunzTarPerm extractEntry src/locale/gd.js
198 silly gunzTarPerm extractEntry src/locale/ms.js
199 silly gunzTarPerm extractEntry src/locale/fy.js
200 silly gunzTarPerm extractEntry src/locale/my.js
201 silly gunzTarPerm extractEntry src/locale/fr.js
202 silly gunzTarPerm extractEntry src/locale/nb.js
203 silly gunzTarPerm extractEntry src/locale/fr-ch.js
204 silly gunzTarPerm extractEntry src/locale/ne.js
205 silly gunzTarPerm extractEntry src/locale/fr-ca.js
206 silly gunzTarPerm extractEntry src/locale/nl.js
207 silly gunzTarPerm extractEntry src/locale/fo.js
208 silly gunzTarPerm extractEntry src/locale/nn.js
209 silly gunzTarPerm extractEntry src/locale/fi.js
210 silly gunzTarPerm extractEntry src/locale/pa-in.js
211 silly gunzTarPerm extractEntry src/locale/fa.js
212 silly gunzTarPerm extractEntry src/locale/pl.js
213 silly gunzTarPerm extractEntry src/locale/eu.js
214 silly gunzTarPerm extractEntry src/locale/pt-br.js
215 silly gunzTarPerm extractEntry src/locale/et.js
216 silly gunzTarPerm extractEntry src/locale/pt.js
217 silly gunzTarPerm extractEntry src/locale/es.js
218 silly gunzTarPerm extractEntry src/locale/ro.js
219 silly gunzTarPerm extractEntry src/locale/eo.js
220 silly gunzTarPerm extractEntry src/locale/ru.js
221 silly gunzTarPerm extractEntry src/locale/en-nz.js
222 silly gunzTarPerm extractEntry src/locale/se.js
223 silly gunzTarPerm extractEntry src/locale/en-ie.js
224 silly gunzTarPerm extractEntry src/locale/si.js
225 silly gunzTarPerm extractEntry src/locale/en-gb.js
226 silly gunzTarPerm extractEntry src/locale/sk.js
227 silly gunzTarPerm extractEntry src/locale/en-ca.js
228 silly gunzTarPerm extractEntry src/locale/sl.js
229 silly gunzTarPerm extractEntry src/locale/en-au.js
230 silly gunzTarPerm extractEntry src/locale/sq.js
231 silly gunzTarPerm extractEntry src/locale/el.js
232 silly gunzTarPerm extractEntry src/locale/sr-cyrl.js
233 silly gunzTarPerm extractEntry src/locale/dv.js
234 silly gunzTarPerm extractEntry src/locale/sr.js
235 silly gunzTarPerm extractEntry src/locale/de.js
236 silly gunzTarPerm extractEntry src/locale/ss.js
237 silly gunzTarPerm extractEntry src/locale/de-at.js
238 silly gunzTarPerm extractEntry src/locale/sv.js
239 silly gunzTarPerm extractEntry src/locale/da.js
240 silly gunzTarPerm extractEntry src/locale/sw.js
241 silly gunzTarPerm extractEntry src/locale/cy.js
242 silly gunzTarPerm extractEntry src/locale/ta.js
243 silly gunzTarPerm extractEntry src/locale/cv.js
244 silly gunzTarPerm extractEntry src/locale/te.js
245 silly gunzTarPerm extractEntry src/locale/cs.js
246 silly gunzTarPerm extractEntry src/locale/th.js
247 silly gunzTarPerm extractEntry src/locale/ca.js
248 silly gunzTarPerm extractEntry src/locale/tl-ph.js
249 silly gunzTarPerm extractEntry src/locale/bs.js
250 silly gunzTarPerm extractEntry src/locale/tlh.js
251 silly gunzTarPerm extractEntry src/locale/br.js
252 silly gunzTarPerm extractEntry src/locale/tr.js
253 silly gunzTarPerm extractEntry src/locale/bo.js
254 silly gunzTarPerm extractEntry src/locale/tzl.js
255 silly gunzTarPerm extractEntry src/locale/bn.js
256 silly gunzTarPerm extractEntry src/locale/tzm-latn.js
257 silly gunzTarPerm extractEntry src/locale/bg.js
258 silly gunzTarPerm extractEntry src/locale/tzm.js
259 silly gunzTarPerm extractEntry src/locale/be.js
260 silly gunzTarPerm extractEntry src/locale/uk.js
261 silly gunzTarPerm extractEntry src/locale/az.js
262 silly gunzTarPerm extractEntry src/locale/uz.js
263 silly gunzTarPerm extractEntry src/locale/ar.js
264 silly gunzTarPerm extractEntry src/locale/vi.js
265 silly gunzTarPerm extractEntry src/locale/ar-tn.js
266 silly gunzTarPerm extractEntry src/locale/x-pseudo.js
267 silly gunzTarPerm extractEntry src/locale/ar-sa.js
268 silly gunzTarPerm extractEntry src/locale/zh-cn.js
269 silly gunzTarPerm extractEntry src/locale/ar-ma.js
270 silly gunzTarPerm extractEntry src/locale/zh-tw.js
271 silly gunzTarPerm extractEntry src/locale/kk.js
272 silly gunzTarPerm extractEntry locale/af.js
273 silly gunzTarPerm extractEntry locale/it.js
274 silly gunzTarPerm extractEntry locale/ja.js
275 silly gunzTarPerm extractEntry locale/jv.js
276 silly gunzTarPerm extractEntry locale/ka.js
277 silly gunzTarPerm extractEntry locale/is.js
278 silly gunzTarPerm extractEntry locale/km.js
279 silly gunzTarPerm extractEntry locale/ko.js
280 silly gunzTarPerm extractEntry locale/ky.js
281 silly gunzTarPerm extractEntry locale/lb.js
282 silly gunzTarPerm extractEntry locale/lo.js
283 silly gunzTarPerm extractEntry locale/id.js
284 silly gunzTarPerm extractEntry locale/lt.js
285 silly gunzTarPerm extractEntry locale/hy-am.js
286 silly gunzTarPerm extractEntry locale/lv.js
287 silly gunzTarPerm extractEntry locale/hu.js
288 silly gunzTarPerm extractEntry locale/me.js
289 silly gunzTarPerm extractEntry locale/hr.js
290 silly gunzTarPerm extractEntry locale/mk.js
291 silly gunzTarPerm extractEntry locale/hi.js
292 silly gunzTarPerm extractEntry locale/ml.js
293 silly gunzTarPerm extractEntry locale/he.js
294 silly gunzTarPerm extractEntry locale/mr.js
295 silly gunzTarPerm extractEntry locale/gl.js
296 silly gunzTarPerm extractEntry locale/ms-my.js
297 silly gunzTarPerm extractEntry locale/gd.js
298 silly gunzTarPerm extractEntry locale/ms.js
299 silly gunzTarPerm extractEntry locale/fy.js
300 silly gunzTarPerm extractEntry locale/my.js
301 silly gunzTarPerm extractEntry locale/fr.js
302 silly gunzTarPerm extractEntry locale/nb.js
303 silly gunzTarPerm extractEntry locale/fr-ch.js
304 silly gunzTarPerm extractEntry locale/ne.js
305 silly gunzTarPerm extractEntry locale/fr-ca.js
306 silly gunzTarPerm extractEntry locale/nl.js
307 silly gunzTarPerm extractEntry locale/fo.js
308 silly gunzTarPerm extractEntry locale/nn.js
309 silly gunzTarPerm extractEntry locale/fi.js
310 silly gunzTarPerm extractEntry locale/pa-in.js
311 silly gunzTarPerm extractEntry locale/fa.js
312 silly gunzTarPerm extractEntry locale/pl.js
313 silly gunzTarPerm extractEntry locale/eu.js
314 silly gunzTarPerm extractEntry locale/pt-br.js
315 silly gunzTarPerm extractEntry locale/et.js
316 silly gunzTarPerm extractEntry locale/pt.js
317 silly gunzTarPerm extractEntry locale/es.js
318 silly gunzTarPerm extractEntry locale/ro.js
319 silly gunzTarPerm extractEntry locale/eo.js
320 silly gunzTarPerm extractEntry locale/ru.js
321 silly gunzTarPerm extractEntry locale/en-nz.js
322 silly gunzTarPerm extractEntry locale/se.js
323 silly gunzTarPerm extractEntry locale/en-ie.js
324 silly gunzTarPerm extractEntry locale/si.js
325 silly gunzTarPerm extractEntry locale/en-gb.js
326 silly gunzTarPerm extractEntry locale/sk.js
327 silly gunzTarPerm extractEntry locale/en-ca.js
328 silly gunzTarPerm extractEntry locale/sl.js
329 silly gunzTarPerm extractEntry locale/en-au.js
330 silly gunzTarPerm extractEntry locale/sq.js
331 silly gunzTarPerm extractEntry locale/el.js
332 silly gunzTarPerm extractEntry locale/sr-cyrl.js
333 silly gunzTarPerm extractEntry locale/dv.js
334 silly gunzTarPerm extractEntry locale/sr.js
335 silly gunzTarPerm extractEntry locale/de.js
336 silly gunzTarPerm extractEntry locale/ss.js
337 silly gunzTarPerm extractEntry locale/de-at.js
338 silly gunzTarPerm extractEntry locale/sv.js
339 silly gunzTarPerm extractEntry locale/da.js
340 silly gunzTarPerm extractEntry locale/sw.js
341 silly gunzTarPerm extractEntry locale/cy.js
342 silly gunzTarPerm extractEntry locale/ta.js
343 silly gunzTarPerm extractEntry locale/cv.js
344 silly gunzTarPerm extractEntry locale/te.js
345 silly gunzTarPerm extractEntry locale/cs.js
346 silly gunzTarPerm extractEntry locale/th.js
347 silly gunzTarPerm extractEntry locale/ca.js
348 silly gunzTarPerm extractEntry locale/tl-ph.js
349 silly gunzTarPerm extractEntry locale/bs.js
350 silly gunzTarPerm extractEntry locale/tlh.js
351 silly gunzTarPerm extractEntry locale/br.js
352 silly gunzTarPerm extractEntry locale/tr.js
353 silly gunzTarPerm extractEntry locale/bo.js
354 silly gunzTarPerm extractEntry locale/tzl.js
355 silly gunzTarPerm extractEntry locale/bn.js
356 silly gunzTarPerm extractEntry locale/tzm-latn.js
357 silly gunzTarPerm extractEntry locale/bg.js
358 silly gunzTarPerm extractEntry locale/tzm.js
359 silly gunzTarPerm extractEntry locale/be.js
360 silly gunzTarPerm extractEntry locale/uk.js
361 silly gunzTarPerm extractEntry locale/az.js
362 silly gunzTarPerm extractEntry locale/uz.js
363 silly gunzTarPerm extractEntry locale/ar.js
364 silly gunzTarPerm extractEntry locale/vi.js
365 silly gunzTarPerm extractEntry locale/ar-tn.js
366 silly gunzTarPerm extractEntry locale/x-pseudo.js
367 silly gunzTarPerm extractEntry locale/ar-sa.js
368 silly gunzTarPerm extractEntry locale/zh-cn.js
369 silly gunzTarPerm extractEntry locale/ar-ma.js
370 silly gunzTarPerm extractEntry locale/zh-tw.js
371 silly gunzTarPerm extractEntry locale/kk.js
372 silly gunzTarPerm extractEntry CHANGELOG.md
373 silly gunzTarPerm extractEntry min/locales.js
374 silly gunzTarPerm extractEntry min/locales.min.js
375 silly gunzTarPerm extractEntry min/moment-with-locales.js
376 silly gunzTarPerm extractEntry min/moment-with-locales.min.js
377 silly gunzTarPerm extractEntry min/moment.min.js
378 verbose write writing to /Users/prashanta/dev/node/prashanta.xyz/node_modules/moment/package.json
379 info preinstall moment@2.13.0
380 verbose readDependencies loading dependencies from /Users/prashanta/dev/node/prashanta.xyz/node_modules/moment/package.json
381 verbose readDependencies loading dependencies from /Users/prashanta/dev/node/prashanta.xyz/node_modules/moment/package.json
382 silly install resolved []
383 verbose about to build /Users/prashanta/dev/node/prashanta.xyz/node_modules/moment
384 info build /Users/prashanta/dev/node/prashanta.xyz/node_modules/moment
385 info linkStuff moment@2.13.0
386 silly linkStuff moment@2.13.0 has /Users/prashanta/dev/node/prashanta.xyz/node_modules as its parent node_modules
387 verbose linkBins moment@2.13.0
388 verbose linkMans moment@2.13.0
389 verbose rebuildBundles moment@2.13.0
390 info install moment@2.13.0
391 info postinstall moment@2.13.0
392 verbose unlock done using /Users/prashanta/.npm/_locks/moment-368f20b6ac0fdf0a.lock for /Users/prashanta/dev/node/prashanta.xyz/node_modules/moment
393 verbose validateInstall loading /Users/prashanta/dev/node/prashanta.xyz/package.json for validation
394 verbose stack Error: The package grunt@1.0.1 does not satisfy its siblings' peerDependencies requirements!
394 verbose stack     at /usr/local/lib/node_modules/npm/lib/install.js:125:32
394 verbose stack     at /usr/local/lib/node_modules/npm/lib/install.js:268:7
394 verbose stack     at /usr/local/lib/node_modules/npm/node_modules/read-installed/read-installed.js:142:5
394 verbose stack     at /usr/local/lib/node_modules/npm/node_modules/read-installed/read-installed.js:263:14
394 verbose stack     at cb (/usr/local/lib/node_modules/npm/node_modules/slide/lib/async-map.js:47:24)
394 verbose stack     at /usr/local/lib/node_modules/npm/node_modules/read-installed/read-installed.js:263:14
394 verbose stack     at cb (/usr/local/lib/node_modules/npm/node_modules/slide/lib/async-map.js:47:24)
394 verbose stack     at /usr/local/lib/node_modules/npm/node_modules/read-installed/read-installed.js:263:14
394 verbose stack     at cb (/usr/local/lib/node_modules/npm/node_modules/slide/lib/async-map.js:47:24)
394 verbose stack     at /usr/local/lib/node_modules/npm/node_modules/read-installed/read-installed.js:263:14
395 verbose cwd /Users/prashanta/dev/node/prashanta.xyz
396 error Darwin 14.3.0
397 error argv "/usr/local/bin/node" "/usr/local/bin/npm" "install" "--save" "moment"
398 error node v4.1.2
399 error npm  v2.14.4
400 error code EPEERINVALID
401 error peerinvalid The package grunt@1.0.1 does not satisfy its siblings' peerDependencies requirements!
401 error peerinvalid Peer grunt-metalsmith@1.0.0 wants grunt@~0.4.5
402 verbose exit [ 1, true ]
